<?xml version="1.0" encoding="UTF-8"?>
<!-- Generated by org.testng.reporters.JUnitReportReporter -->
<testsuite hostname="Dhiraj" failures="0" tests="1" name="MavenProject333.WebAmazon333.DatabaseConnect" time="0.055" errors="0" timestamp="2021-04-21T20:05:03 IST" skipped="0">
  <testcase classname="MavenProject333.WebAmazon333.DatabaseConnect" name="runit" time="0.055"/>
  <system-out/>
</testsuite> <!-- MavenProject333.WebAmazon333.DatabaseConnect -->
